#
# A fatal error has been detected by the Java Runtime Environment:
#
#  EXCEPTION_ACCESS_VIOLATION (0xc0000005) at pc=0xffffffffa37a5120, pid=8892, tid=7480
#
# JRE version: Java(TM) SE Runtime Environment (8.0_66-b17) (build 1.8.0_66-b17)
# Java VM: Java HotSpot(TM) 64-Bit Server VM (25.66-b17 mixed mode windows-amd64 compressed oops)
# Problematic frame:
# C  0xffffffffa37a5120
#
# Failed to write core dump. Minidumps are not enabled by default on client versions of Windows
#
# If you would like to submit a bug report, please visit:
#   http://bugreport.java.com/bugreport/crash.jsp
#

---------------  T H R E A D  ---------------

Current thread (0x00000000026a0800):  JavaThread "main" [_thread_in_Java, id=7480, stack(0x00000000025a0000,0x00000000026a0000)]

siginfo: ExceptionCode=0xc0000005, ExceptionInformation=0x0000000000000008 0xffffffffa37a5120

Registers:
RAX=0x0000000100095428, RBX=0x0000000000000002, RCX=0x00000000e03083d8, RDX=0x00000000e0307238
RSP=0x000000000269f268, RBP=0x000000000269f380, RSI=0x00000000e0307238, RDI=0x0000000000057e40
R8 =0x00000000e0608718, R9 =0x0000000000025d28, R10=0x0000000100095428, R11=0x0000000000025d28
R12=0x0000000000000000, R13=0x0000000000000001, R14=0x0000000000000000, R15=0x00000000026a0800
RIP=0xffffffffa37a5120, EFLAGS=0x0000000000010246

Top of Stack: (sp=0x000000000269f268)
0x000000000269f268:   0000000002929f74 ffffffffffffffff
0x000000000269f278:   00000000027a7470 00000000e03cc570
0x000000000269f288:   000000000269f288 00000000159bfb3c
0x000000000269f298:   000000000269f2d8 0000000015bc71b0
0x000000000269f2a8:   0000000000000000 00000000159bfb40
0x000000000269f2b8:   0000000000000000 000000000269f2d8
0x000000000269f2c8:   000000000269f320 00000000027a7470
0x000000000269f2d8:   00000000e03cbb88 00000000e03cbd28
0x000000000269f2e8:   00000000e0608668 00000000e0307238
0x000000000269f2f8:   00000000000000cf 0000000000000000
0x000000000269f308:   0000000015b75858 000000000269f380
0x000000000269f318:   00000000027a77b0 00000000027a77b0
0x000000000269f328:   00000000027a77b0 00000000e06086e8
0x000000000269f338:   00000000e0608700 000000000269f340
0x000000000269f348:   0000000015b750fa 000000000269f3c8
0x000000000269f358:   0000000015b77560 0000000000000000 

Instructions: (pc=0xffffffffa37a5120)
0xffffffffa37a5100:   
[error occurred during error reporting (printing registers, top of stack, instructions near pc), id 0xc0000005]

Register to memory mapping:

RAX=0x0000000100095428 is pointing into metadata
RBX=0x0000000000000002 is an unknown value
RCX=0x00000000e03083d8 is an oop
[I 
 - klass: {type array int}
 - length: 3
RDX=0x00000000e0307238 is an oop
java.awt.image.ComponentColorModel 
 - klass: 'java/awt/image/ComponentColorModel'
RSP=0x000000000269f268 is pointing into the stack for thread: 0x00000000026a0800
RBP=0x000000000269f380 is pointing into the stack for thread: 0x00000000026a0800
RSI=0x00000000e0307238 is an oop
java.awt.image.ComponentColorModel 
 - klass: 'java/awt/image/ComponentColorModel'
RDI=0x0000000000057e40 is an unknown value
R8 =0x00000000e0608718 is an oop
[B 
 - klass: {type array byte}
 - length: 3
R9 =0x0000000000025d28 is an unknown value
R10=0x0000000100095428 is pointing into metadata
R11=0x0000000000025d28 is an unknown value
R12=0x0000000000000000 is an unknown value
R13=0x0000000000000001 is an unknown value
R14=0x0000000000000000 is an unknown value
R15=0x00000000026a0800 is a thread


Stack: [0x00000000025a0000,0x00000000026a0000],  sp=0x000000000269f268,  free space=1020k
Native frames: (J=compiled Java code, j=interpreted, Vv=VM code, C=native code)
C  0xffffffffa37a5120


---------------  P R O C E S S  ---------------

Java Threads: ( => current thread )
  0x0000000017ec2000 JavaThread "Java2D Disposer" daemon [_thread_blocked, id=7412, stack(0x0000000018540000,0x0000000018640000)]
  0x0000000017b6d000 JavaThread "Service Thread" daemon [_thread_blocked, id=7900, stack(0x0000000017f40000,0x0000000018040000)]
  0x0000000016164000 JavaThread "C1 CompilerThread2" daemon [_thread_blocked, id=3032, stack(0x0000000017a40000,0x0000000017b40000)]
  0x0000000016151800 JavaThread "C2 CompilerThread1" daemon [_thread_in_native, id=6476, stack(0x0000000017940000,0x0000000017a40000)]
  0x000000001610d000 JavaThread "C2 CompilerThread0" daemon [_thread_in_vm, id=6272, stack(0x0000000017840000,0x0000000017940000)]
  0x000000001610c000 JavaThread "Attach Listener" daemon [_thread_blocked, id=9752, stack(0x0000000017740000,0x0000000017840000)]
  0x000000001610b000 JavaThread "Signal Dispatcher" daemon [_thread_blocked, id=1568, stack(0x0000000017640000,0x0000000017740000)]
  0x0000000002797800 JavaThread "Finalizer" daemon [_thread_blocked, id=9852, stack(0x0000000017360000,0x0000000017460000)]
  0x000000000278f000 JavaThread "Reference Handler" daemon [_thread_blocked, id=6552, stack(0x0000000017260000,0x0000000017360000)]
=>0x00000000026a0800 JavaThread "main" [_thread_in_Java, id=7480, stack(0x00000000025a0000,0x00000000026a0000)]

Other Threads:
  0x00000000160d5800 VMThread [stack: 0x0000000017160000,0x0000000017260000] [id=8816]
  0x0000000017b78000 WatcherThread [stack: 0x0000000018040000,0x0000000018140000] [id=2784]

VM state:not at safepoint (normal execution)

VM Mutex/Monitor currently owned by a thread: None

Heap:
 PSYoungGen      total 28672K, used 6228K [0x00000000e0000000, 0x00000000e2000000, 0x0000000100000000)
  eden space 24576K, 25% used [0x00000000e0000000,0x00000000e0615268,0x00000000e1800000)
  from space 4096K, 0% used [0x00000000e1c00000,0x00000000e1c00000,0x00000000e2000000)
  to   space 4096K, 0% used [0x00000000e1800000,0x00000000e1800000,0x00000000e1c00000)
 ParOldGen       total 65536K, used 0K [0x00000000a0000000, 0x00000000a4000000, 0x00000000e0000000)
  object space 65536K, 0% used [0x00000000a0000000,0x00000000a0000000,0x00000000a4000000)
 Metaspace       used 5395K, capacity 5504K, committed 5632K, reserved 1056768K
  class space    used 648K, capacity 727K, committed 768K, reserved 1048576K

Card table byte_map: [0x0000000011b60000,0x0000000011e70000] byte_map_base: 0x0000000011660000

Marking Bits: (ParMarkBitMap*) 0x0000000062e2a5b0
 Begin Bits: [0x0000000012470000, 0x0000000013c70000)
 End Bits:   [0x0000000013c70000, 0x0000000015470000)

Polling page: 0x0000000000d10000

CodeCache: size=245760Kb used=1682Kb max_used=1686Kb free=244078Kb
 bounds [0x00000000027a0000, 0x0000000002a10000, 0x00000000117a0000]
 total_blobs=582 nmethods=284 adapters=213
 compilation: enabled

Compilation events (10 events):
Event: 0.282 Thread 0x0000000016151800  274       4       sun.awt.image.ByteInterleavedRaster::getDataElements (132 bytes)
Event: 0.283 Thread 0x000000001610d000  275       4       java.awt.Color::<init> (72 bytes)
Event: 0.285 Thread 0x000000001610d000 nmethod 275 0x000000000293e790 code [0x000000000293e8e0, 0x000000000293ea78]
Event: 0.285 Thread 0x000000001610d000  276       4       java.awt.Color::testColorValueRange (186 bytes)
Event: 0.286 Thread 0x000000001610d000 nmethod 276 0x000000000293bc90 code [0x000000000293bde0, 0x000000000293bf18]
Event: 0.286 Thread 0x000000001610d000  277       4       pixLab.classes.Pixel::getColor (55 bytes)
Event: 0.287 Thread 0x0000000016151800 nmethod 274 0x000000000293c750 code [0x000000000293c8a0, 0x000000000293cbd8]
Event: 0.287 Thread 0x0000000016151800  278       4       java.awt.image.ComponentColorModel::getRGB (161 bytes)
Event: 0.289 Thread 0x0000000016151800 nmethod 278 0x0000000002941b50 code [0x0000000002941cc0, 0x0000000002941ee8]
Event: 0.289 Thread 0x0000000016151800  282       4       java.awt.image.DirectColorModel::getRGB (128 bytes)

GC Heap History (0 events):
No events

Deoptimization events (0 events):
No events

Internal exceptions (9 events):
Event: 0.052 Thread 0x00000000026a0800 Exception <a 'java/lang/NoSuchMethodError': Method sun.misc.Unsafe.defineClass(Ljava/lang/String;[BII)Ljava/lang/Class; name or signature does not match> (0x00000000e000d180) thrown at [C:\re\workspace\8-2-build-windows-amd64-cygwin\jdk8u66\4988\hotspot\sr’[¨F‚ª?
Event: 0.052 Thread 0x00000000026a0800 Exception <a 'java/lang/NoSuchMethodError': Method sun.misc.Unsafe.prefetchRead(Ljava/lang/Object;J)V name or signature does not match> (0x00000000e000d468) thrown at [C:\re\workspace\8-2-build-windows-amd64-cygwin\jdk8u66\4988\hotspot\src\share\vm\prims\jŽúZÄ¯Â?
Event: 0.141 Thread 0x00000000026a0800 Exception <a 'java/security/PrivilegedActionException'> (0x00000000e0188270) thrown at [C:\re\workspace\8-2-build-windows-amd64-cygwin\jdk8u66\4988\hotspot\src\share\vm\prims\jvm.cpp, line 1386]
Event: 0.141 Thread 0x00000000026a0800 Exception <a 'java/security/PrivilegedActionException'> (0x00000000e0188480) thrown at [C:\re\workspace\8-2-build-windows-amd64-cygwin\jdk8u66\4988\hotspot\src\share\vm\prims\jvm.cpp, line 1386]
Event: 0.142 Thread 0x00000000026a0800 Exception <a 'java/security/PrivilegedActionException'> (0x00000000e018c028) thrown at [C:\re\workspace\8-2-build-windows-amd64-cygwin\jdk8u66\4988\hotspot\src\share\vm\prims\jvm.cpp, line 1386]
Event: 0.142 Thread 0x00000000026a0800 Exception <a 'java/security/PrivilegedActionException'> (0x00000000e018c238) thrown at [C:\re\workspace\8-2-build-windows-amd64-cygwin\jdk8u66\4988\hotspot\src\share\vm\prims\jvm.cpp, line 1386]
Event: 0.163 Thread 0x00000000026a0800 Exception <a 'java/io/FileNotFoundException'> (0x00000000e0196350) thrown at [C:\re\workspace\8-2-build-windows-amd64-cygwin\jdk8u66\4988\hotspot\src\share\vm\prims\jni.cpp, line 709]
Event: 0.205 Thread 0x00000000026a0800 Exception <a 'java/lang/NoSuchFieldError': method resolution failed> (0x00000000e0263930) thrown at [C:\re\workspace\8-2-build-windows-amd64-cygwin\jdk8u66\4988\hotspot\src\share\vm\prims\methodHandles.cpp, line 1146]
Event: 0.207 Thread 0x00000000026a0800 Exception <a 'java/lang/NoSuchFieldError': method resolution failed> (0x00000000e02710e0) thrown at [C:\re\workspace\8-2-build-windows-amd64-cygwin\jdk8u66\4988\hotspot\src\share\vm\prims\methodHandles.cpp, line 1146]

Events (10 events):
Event: 0.263 loading class java/awt/image/DataBufferInt
Event: 0.263 loading class java/awt/image/DataBufferInt done
Event: 0.264 loading class java/awt/image/SinglePixelPackedSampleModel
Event: 0.264 loading class java/awt/image/SinglePixelPackedSampleModel done
Event: 0.264 loading class sun/awt/image/IntegerInterleavedRaster
Event: 0.264 loading class sun/awt/image/IntegerInterleavedRaster done
Event: 0.265 loading class pixLab/classes/Pixel
Event: 0.265 loading class pixLab/classes/Pixel done
Event: 0.265 loading class java/awt/Color
Event: 0.265 loading class java/awt/Color done


Dynamic libraries:
0x00007ff6a94e0000 - 0x00007ff6a9517000 	C:\Program Files\Java\jre1.8.0_66\bin\javaw.exe
0x00007ffb3fce0000 - 0x00007ffb3fe8c000 	C:\Windows\SYSTEM32\ntdll.dll
0x00007ffb3f990000 - 0x00007ffb3face000 	C:\Windows\system32\KERNEL32.DLL
0x00007ffb3d060000 - 0x00007ffb3d175000 	C:\Windows\system32\KERNELBASE.dll
0x00007ffb3b640000 - 0x00007ffb3b6ce000 	C:\Windows\system32\apphelp.dll
0x00007ffb2ce80000 - 0x00007ffb2ced3000 	C:\Windows\AppPatch\AppPatch64\AcGenral.DLL
0x00007ffb3f740000 - 0x00007ffb3f7ea000 	C:\Windows\system32\msvcrt.dll
0x00007ffb3ccd0000 - 0x00007ffb3ccfe000 	C:\Windows\SYSTEM32\SspiCli.dll
0x00007ffb3d5f0000 - 0x00007ffb3d644000 	C:\Windows\system32\SHLWAPI.dll
0x00007ffb3f180000 - 0x00007ffb3f2f7000 	C:\Windows\system32\USER32.dll
0x00007ffb3f7f0000 - 0x00007ffb3f984000 	C:\Windows\system32\ole32.dll
0x00007ffb3d980000 - 0x00007ffb3eeab000 	C:\Windows\system32\SHELL32.dll
0x00007ffb3c430000 - 0x00007ffb3c451000 	C:\Windows\SYSTEM32\USERENV.dll
0x00007ffb3eeb0000 - 0x00007ffb3ef5a000 	C:\Windows\system32\ADVAPI32.dll
0x00007ffb30600000 - 0x00007ffb3061e000 	C:\Windows\SYSTEM32\MPR.dll
0x00007ffb3d830000 - 0x00007ffb3d971000 	C:\Windows\system32\RPCRT4.dll
0x00007ffb3f6e0000 - 0x00007ffb3f739000 	C:\Windows\SYSTEM32\sechost.dll
0x00007ffb3ef60000 - 0x00007ffb3f171000 	C:\Windows\SYSTEM32\combase.dll
0x00007ffb3d380000 - 0x00007ffb3d4d0000 	C:\Windows\system32\GDI32.dll
0x00007ffb3ce30000 - 0x00007ffb3ce45000 	C:\Windows\SYSTEM32\profapi.dll
0x00007ffb3b980000 - 0x00007ffb3ba32000 	C:\Windows\SYSTEM32\SHCORE.dll
0x00007ffb3d4d0000 - 0x00007ffb3d506000 	C:\Windows\system32\IMM32.DLL
0x00007ffb3f3f0000 - 0x00007ffb3f542000 	C:\Windows\system32\MSCTF.dll
0x00007ffb3b1a0000 - 0x00007ffb3b41b000 	C:\Windows\WinSxS\amd64_microsoft.windows.common-controls_6595b64144ccf1df_6.0.9600.18006_none_623f33d3ecbe86e8\COMCTL32.dll
0x0000000060840000 - 0x0000000060912000 	C:\Program Files\Java\jre1.8.0_66\bin\msvcr100.dll
0x0000000062620000 - 0x0000000062ea9000 	C:\Program Files\Java\jre1.8.0_66\bin\server\jvm.dll
0x00007ffb35080000 - 0x00007ffb35089000 	C:\Windows\SYSTEM32\WSOCK32.dll
0x00007ffb3aa20000 - 0x00007ffb3aa42000 	C:\Windows\SYSTEM32\WINMM.dll
0x00007ffb3aa50000 - 0x00007ffb3aa5a000 	C:\Windows\SYSTEM32\VERSION.dll
0x00007ffb3f3d0000 - 0x00007ffb3f3d7000 	C:\Windows\system32\PSAPI.DLL
0x00007ffb3d590000 - 0x00007ffb3d5ea000 	C:\Windows\system32\WS2_32.dll
0x00007ffb3a7c0000 - 0x00007ffb3a7ea000 	C:\Windows\SYSTEM32\WINMMBASE.dll
0x00007ffb3f300000 - 0x00007ffb3f309000 	C:\Windows\system32\NSI.dll
0x00007ffb3cf00000 - 0x00007ffb3cf4f000 	C:\Windows\SYSTEM32\cfgmgr32.dll
0x00007ffb3bc50000 - 0x00007ffb3bc78000 	C:\Windows\SYSTEM32\DEVOBJ.dll
0x0000000062610000 - 0x000000006261f000 	C:\Program Files\Java\jre1.8.0_66\bin\verify.dll
0x00000000625e0000 - 0x0000000062609000 	C:\Program Files\Java\jre1.8.0_66\bin\java.dll
0x00000000625c0000 - 0x00000000625d6000 	C:\Program Files\Java\jre1.8.0_66\bin\zip.dll
0x00000000606a0000 - 0x0000000060838000 	C:\Program Files\Java\jre1.8.0_66\bin\awt.dll
0x00007ffb3f550000 - 0x00007ffb3f611000 	C:\Windows\system32\OLEAUT32.dll
0x0000000060660000 - 0x0000000060691000 	C:\Program Files\Java\jre1.8.0_66\bin\jpeg.dll
0x00007ffb2ece0000 - 0x00007ffb2ee69000 	C:\Windows\SYSTEM32\dbghelp.dll

VM Arguments:
jvm_args: -Dfile.encoding=Cp1252 
java_command: pixLab.classes.Picture
java_class_path (initial): C:\Users\madeleine\Documents\2015-2016 Workspace\PhotoLab\bin
Launcher Type: SUN_STANDARD

Environment Variables:
PATH=C:/Program Files/Java/jre1.8.0_66/bin/server;C:/Program Files/Java/jre1.8.0_66/bin;C:/Program Files/Java/jre1.8.0_66/lib/amd64;C:\ProgramData\Oracle\Java\javapath;C:\Windows\system32;C:\Windows;C:\Windows\System32\Wbem;C:\Windows\System32\WindowsPowerShell\v1.0\;C:\Program Files (x86)\NVIDIA Corporation\PhysX\Common;C:\Windows\system32;
USERNAME=madeleine
OS=Windows_NT
PROCESSOR_IDENTIFIER=Intel64 Family 6 Model 23 Stepping 7, GenuineIntel



---------------  S Y S T E M  ---------------

OS: Windows 8.1 , 64 bit Build 9600 (6.3.9600.17415)

CPU:total 4 (4 cores per cpu, 1 threads per core) family 6 model 23 stepping 7, cmov, cx8, fxsr, mmx, sse, sse2, sse3, ssse3, sse4.1, tsc

Memory: 4k page, physical 6288608k(3230420k free), swap 12580320k(6694996k free)

vm_info: Java HotSpot(TM) 64-Bit Server VM (25.66-b17) for windows-amd64 JRE (1.8.0_66-b17), built on Oct  6 2015 18:55:33 by "java_re" with MS VC++ 10.0 (VS2010)

time: Thu Jan 28 22:00:33 2016
elapsed time: 0 seconds (0d 0h 0m 0s)

